06-02 17:28:56 root         INFO     Initial Page loaded
06-02 17:28:56 root         INFO     Attempting to click filter: Last 7 Days
06-02 17:29:00 root         INFO     Last 7 days clicked
06-02 17:29:03 root         INFO     Attach - searched
06-02 17:29:08 root         INFO     <div class="col-md-12">
<div class="ember-view" id="ember8"><form data-ember-action="" data-ember-action-9="9" data-gtm-form-interact-id="0">
<fieldset>
<label class="sr-only" for="inputSearch">Search</label>
<div class="input-group">
<span class="twitter-typeahead" style="position: relative; display: inline-block;"><input aria-autocomplete="list" aria-expanded="false" aria-owns="ember10_listbox" autocomplete="off" class="fc-typeahead aupac-typeahead ember-view tt-input" data-gtm-form-interact-field-id="0" dir="auto" id="ember10" maxlength="200" name="" placeholder="Search" role="combobox" spellcheck="false" style="position: relative; vertical-align: top;" type="search"/><span aria-live="polite" role="status" style="position: absolute; padding: 0px; border: 0px; height: 1px; width: 1px; margin-bottom: -1px; margin-right: -1px; overflow: hidden; clip: rect(0px, 0px, 0px, 0px); white-space: nowrap;">10 results are available, use up and down arrow keys to navigate.</span><pre aria-hidden="true" style='position: absolute; visibility: hidden; white-space: pre; font-family: "Helvetica Neue", Helvetica, Arial, sans-serif; font-size: 16px; font-style: normal; font-variant: normal; font-weight: 400; word-spacing: 0px; letter-spacing: 0px; text-indent: 0px; text-rendering: optimizelegibility; text-transform: none;'>Attach</pre><div aria-expanded="false" class="tt-menu" id="ember10_listbox" role="listbox" style="position: absolute; top: 100%; left: 0px; z-index: 100; display: none;"><div class="tt-dataset tt-dataset-default" role="presentation"><div><div class="ember-view" id="ember207"><div class="typeahead-header"></div></div></div><div class="tt-suggestion tt-selectable" id="tt-2365d486-11f3-2f8d-b470-83967b3714d1"><div class="ember-view" id="ember197"><div class="typeahead-suggestion"><strong class="tt-highlight">attach</strong></div></div></div><div class="tt-suggestion tt-selectable" id="tt-191232ad-46bb-7c62-5aa4-72e2e568dd5b"><div class="ember-view" id="ember198"><div class="typeahead-suggestion"><strong class="tt-highlight">attach</strong>e</div></div></div><div class="tt-suggestion tt-selectable" id="tt-fbdb6ae1-5849-dab6-ed19-db0efb6a643d"><div class="ember-view" id="ember199"><div class="typeahead-suggestion"><strong class="tt-highlight">attach</strong>ed</div></div></div><div class="tt-suggestion tt-selectable" id="tt-9334434f-80c6-1e57-44b6-e37d16ffc1c7"><div class="ember-view" id="ember200"><div class="typeahead-suggestion"><strong class="tt-highlight">attach</strong>ed spreadsheet</div></div></div><div class="tt-suggestion tt-selectable" id="tt-12addeff-2e19-3eb9-9d28-a2cfd7b0f12c"><div class="ember-view" id="ember201"><div class="typeahead-suggestion"><strong class="tt-highlight">attach</strong>ed supporters</div></div></div><div class="tt-suggestion tt-selectable" id="tt-a2cf9f9d-301a-473c-5e2e-450cd3a1d939"><div class="ember-view" id="ember202"><div class="typeahead-suggestion"><strong class="tt-highlight">attach</strong>ed supporters pdf</div></div></div><div class="tt-suggestion tt-selectable" id="tt-ea5f9fe7-b730-3f83-c82b-d4ffd10a4fed"><div class="ember-view" id="ember203"><div class="typeahead-suggestion"><strong class="tt-highlight">attach</strong>ment</div></div></div><div class="tt-suggestion tt-selectable" id="tt-871dc723-abd9-4b00-b255-b11786fc50fe"><div class="ember-view" id="ember204"><div class="typeahead-suggestion"><strong class="tt-highlight">attach</strong>ed spreadsheet supporters</div></div></div><div class="tt-suggestion tt-selectable" id="tt-594b5fc6-503c-8781-1435-a5c20615d66d"><div class="ember-view" id="ember205"><div class="typeahead-suggestion"><strong class="tt-highlight">attach</strong>ed earthjustice</div></div></div><div class="tt-suggestion tt-selectable" id="tt-0f5bf571-3685-cdb8-7fb0-924c6b4f5e29"><div class="ember-view" id="ember206"><div class="typeahead-suggestion"><strong class="tt-highlight">attach</strong>ed environmental defense</div></div></div><div><div class="ember-view" id="ember208"><div class="typeahead-footer"></div></div></div></div></div></span>
<span class="input-group-btn">
<button class="btn btn-default" data-ember-action="" data-ember-action-187="187" type="button">
<svg aria-labelledby="closeIconTitle" class="align-top icon-svg" height="20" viewbox="0 0 24 24" width="20" xmlns="http://www.w3.org/2000/svg"><title>Clear Search</title><path d="M19 6.41L17.59 5 12 10.59 6.41 5 5 6.41 10.59 12 5 17.59 6.41 19 12 13.41 17.59 19 19 17.59 13.41 12z"></path></svg>
</button>
<button class="btn btn-primary-alt" type="submit">
  Search
</button>
</span>
</div>
</fieldset>
</form>
</div>
</div>
06-02 17:29:08 root         INFO     Attatchment docs found
06-02 17:29:08 root         INFO     0
