06-02 17:27:04 root         INFO     Initial Page loaded
06-02 17:27:04 root         INFO     Attempting to click filter: Last 7 Days
06-02 17:27:07 root         INFO     Last 7 days clicked
06-02 17:27:10 root         INFO     Attach - searched
06-02 17:27:15 root         INFO     <div class="col-md-12">
<div class="ember-view" id="ember8"><form data-ember-action="" data-ember-action-9="9" data-gtm-form-interact-id="0">
<fieldset>
<label class="sr-only" for="inputSearch">Search</label>
<div class="input-group">
<span class="twitter-typeahead" style="position: relative; display: inline-block;"><input aria-autocomplete="list" aria-expanded="false" aria-owns="ember10_listbox" autocomplete="off" class="fc-typeahead aupac-typeahead ember-view tt-input" data-gtm-form-interact-field-id="0" dir="auto" id="ember10" maxlength="200" name="" placeholder="Search" role="combobox" spellcheck="false" style="position: relative; vertical-align: top;" type="search"/><span aria-live="polite" role="status" style="position: absolute; padding: 0px; border: 0px; height: 1px; width: 1px; margin-bottom: -1px; margin-right: -1px; overflow: hidden; clip: rect(0px, 0px, 0px, 0px); white-space: nowrap;">10 results are available, use up and down arrow keys to navigate.</span><pre aria-hidden="true" style='position: absolute; visibility: hidden; white-space: pre; font-family: "Helvetica Neue", Helvetica, Arial, sans-serif; font-size: 16px; font-style: normal; font-variant: normal; font-weight: 400; word-spacing: 0px; letter-spacing: 0px; text-indent: 0px; text-rendering: optimizelegibility; text-transform: none;'>Attach</pre><div aria-expanded="false" class="tt-menu" id="ember10_listbox" role="listbox" style="position: absolute; top: 100%; left: 0px; z-index: 100; display: none;"><div class="tt-dataset tt-dataset-default" role="presentation"><div><div class="ember-view" id="ember207"><div class="typeahead-header"></div></div></div><div class="tt-suggestion tt-selectable" id="tt-cf988fc6-c0fa-6895-97b8-4aa737c4cd89"><div class="ember-view" id="ember197"><div class="typeahead-suggestion"><strong class="tt-highlight">attach</strong></div></div></div><div class="tt-suggestion tt-selectable" id="tt-cc089d9e-5848-026d-4deb-0af0e38f94a4"><div class="ember-view" id="ember198"><div class="typeahead-suggestion"><strong class="tt-highlight">attach</strong>e</div></div></div><div class="tt-suggestion tt-selectable" id="tt-8d6e244c-6e32-002e-f8fd-c85382b2d8cb"><div class="ember-view" id="ember199"><div class="typeahead-suggestion"><strong class="tt-highlight">attach</strong>ed</div></div></div><div class="tt-suggestion tt-selectable" id="tt-6269b26f-421a-fe30-28a6-c630ffcd7072"><div class="ember-view" id="ember200"><div class="typeahead-suggestion"><strong class="tt-highlight">attach</strong>ed spreadsheet</div></div></div><div class="tt-suggestion tt-selectable" id="tt-bc16dfbb-fbee-182d-61e8-582a8dcf66fe"><div class="ember-view" id="ember201"><div class="typeahead-suggestion"><strong class="tt-highlight">attach</strong>ed supporters</div></div></div><div class="tt-suggestion tt-selectable" id="tt-008c695d-f6c2-4a46-4b67-dde2b5944273"><div class="ember-view" id="ember202"><div class="typeahead-suggestion"><strong class="tt-highlight">attach</strong>ed supporters pdf</div></div></div><div class="tt-suggestion tt-selectable" id="tt-59dcf54f-e609-c4e8-34b1-fea379f1e31c"><div class="ember-view" id="ember203"><div class="typeahead-suggestion"><strong class="tt-highlight">attach</strong>ment</div></div></div><div class="tt-suggestion tt-selectable" id="tt-f668d62b-ecd5-fdc2-cd84-92bb43caaeac"><div class="ember-view" id="ember204"><div class="typeahead-suggestion"><strong class="tt-highlight">attach</strong>ed spreadsheet supporters</div></div></div><div class="tt-suggestion tt-selectable" id="tt-975cb71d-ed05-ee1b-e623-95dc07c26dcf"><div class="ember-view" id="ember205"><div class="typeahead-suggestion"><strong class="tt-highlight">attach</strong>ed earthjustice</div></div></div><div class="tt-suggestion tt-selectable" id="tt-54a49421-e56a-f1ab-c1e3-f56a87d839b4"><div class="ember-view" id="ember206"><div class="typeahead-suggestion"><strong class="tt-highlight">attach</strong>ed environmental defense</div></div></div><div><div class="ember-view" id="ember208"><div class="typeahead-footer"></div></div></div></div></div></span>
<span class="input-group-btn">
<button class="btn btn-default" data-ember-action="" data-ember-action-187="187" type="button">
<svg aria-labelledby="closeIconTitle" class="align-top icon-svg" height="20" viewbox="0 0 24 24" width="20" xmlns="http://www.w3.org/2000/svg"><title>Clear Search</title><path d="M19 6.41L17.59 5 12 10.59 6.41 5 5 6.41 10.59 12 5 17.59 6.41 19 12 13.41 17.59 19 19 17.59 13.41 12z"></path></svg>
</button>
<button class="btn btn-primary-alt" type="submit">
  Search
</button>
</span>
</div>
</fieldset>
</form>
</div>
</div>
06-02 17:27:15 root         INFO     Attatchment docs found
06-02 17:27:15 root         INFO     0
