06-02 17:37:16 root         INFO     Initial Page loaded
06-02 17:37:16 root         INFO     Attempting to click filter: Last 7 Days
06-02 17:37:19 root         INFO     Last 7 days clicked
06-02 17:37:23 root         INFO     Attach - searched
06-02 17:37:28 root         INFO     <div class="results-container">
<div class="row">
<div class="col-md-8">
<h2 class="search-heading" id="mainContent" role="main" tabindex="0">Search Results</h2>
</div>
<div class="col-md-4">
<div class="dropdown pull-right">
<button aria-expanded="false" aria-haspopup="true" class="btn btn-link px-0 pt-2 dropdown-toggle" data-toggle="dropdown" id="sortDropdown" type="button">
<span class="text-muted text-uppercase small">Sort By</span>
<span class="dropdown-selection">
      Best Match
<!-- --> </span>
<span class="caret"></span>
</button>
<ul aria-labelledby="sortDropdown" class="dropdown-menu">
<li>
<a class="selected" data-ember-action="" data-ember-action-194="194" href="">
            Best Match
<!-- --> </a>
</li>
<li>
<a data-ember-action="" data-ember-action-195="195" href="">
            Posted
              <span class="small text-muted">(Newer-Older)</span>
</a>
</li>
<li>
<a data-ember-action="" data-ember-action-48="48" href="">
            Posted
              <span class="small text-muted">(Older-Newer)</span>
</a>
</li>
</ul>
</div>
</div>
</div>
<div class="row">
<div class="col-md-12">
<div class="tokenfield ember-view" id="ember49"><!-- --></div>
</div>
</div>
<div class="row">
<div class="col-md-12">
<div class="card card-type-comment ember-view" id="ember215"><div class="card-block">
<p class="card-subtitle d-inline-block">Public Submission</p>
<!-- -->
<h3 class="h4 card-title">
<a class="ember-view" href="/comment/FWS-R6-ES-2012-0107-9597" id="ember216">
        Attachments Multiple Peer Review
      </a>
</h3>
<p class="card-text"><mark><em>Attachments</em></mark> to the Multiple Peer Review Documents.… <mark><em>Attachment</em></mark> S… <mark><em>Attachment</em></mark> R… Photos <mark><em>attached</em></mark>.… <mark><em>Attachments</em></mark>:
wolverine cache3.jpg

Size: 251 k
Type: image/jpeg
Info: wolverine cache3.jpg
wolverine… <mark><em>Attachment</em></mark> Q</p>
<div class="card-metadata">
<a aria-controls="collapseCardMetadata-ember215" aria-expanded="false" class="visible-xs visible-sm" data-toggle="collapse" href="#collapseCardMetadata-ember215" role="button">
      View Details <span class="caret"></span>
</a>
<div class="collapse" id="collapseCardMetadata-ember215">
<ul>
<li><strong>Agency</strong> Fish and Wildlife Service</li>
<li><strong>Posted</strong> May 2, 2013</li>
<li><strong>ID</strong> FWS-R6-ES-2012-0107-9597</li>
</ul>
</div>
</div>
</div>
<div class="card-actions">
<div class="row">
<!-- --> </div>
<div class="row">
<div class="col-md-6 card-countdown inline js-comments-due">
<!-- --> </div>
<div class="col-md-6 card-countdown inline pull-right js-comment-section">
<!-- --> </div>
</div>
</div>
</div>
<div class="card card-type-comment ember-view" id="ember217"><div class="card-block">
<p class="card-subtitle d-inline-block">Public Submission</p>
<!-- -->
<h3 class="h4 card-title">
<a class="ember-view" href="/comment/FWS-R6-ES-2012-0106-0064" id="ember218">
        Attachments Multiple Peer Review
      </a>
</h3>
<p class="card-text"><mark><em>Attachments</em></mark> to the Multiple Peer Review Documents.… <mark><em>Attachment</em></mark> V… 222wsheridan@gmail.com&gt;
Cc: "Malin Aronsson" <malin.aronsson@slu.se>
Sent: Monday, March 25, 2013 9:20 AM
<mark><em>Attach</em></mark>… I <mark><em>attached</em></mark> to 
reports (both in Swedish unfortunately) that show the distribution of wolverine den sites… <mark><em>Attachment</em></mark> U… <mark><em>Attachment</em></mark> T</malin.aronsson@slu.se></p>
<div class="card-metadata">
<a aria-controls="collapseCardMetadata-ember217" aria-expanded="false" class="visible-xs visible-sm" data-toggle="collapse" href="#collapseCardMetadata-ember217" role="button">
      View Details <span class="caret"></span>
</a>
<div class="collapse" id="collapseCardMetadata-ember217">
<ul>
<li><strong>Agency</strong> Fish and Wildlife Service</li>
<li><strong>Posted</strong> May 3, 2013</li>
<li><strong>ID</strong> FWS-R6-ES-2012-0106-0064</li>
</ul>
</div>
</div>
</div>
<div class="card-actions">
<div class="row">
<!-- --> </div>
<div class="row">
<div class="col-md-6 card-countdown inline js-comments-due">
<!-- --> </div>
<div class="col-md-6 card-countdown inline pull-right js-comment-section">
<!-- --> </div>
</div>
</div>
</div>
<div class="card card-type-comment ember-view" id="ember219"><div class="card-block">
<p class="card-subtitle d-inline-block">Public Submission</p>
<!-- -->
<h3 class="h4 card-title">
<a class="ember-view" href="/comment/FTC-2019-0013-0089" id="ember220">
        Attachment A
      </a>
</h3>
<p class="card-text">See <mark><em>attached</em></mark>… <mark><em>Attachment</em></mark> A</p>
<div class="card-metadata">
<a aria-controls="collapseCardMetadata-ember219" aria-expanded="false" class="visible-xs visible-sm" data-toggle="collapse" href="#collapseCardMetadata-ember219" role="button">
      View Details <span class="caret"></span>
</a>
<div class="collapse" id="collapseCardMetadata-ember219">
<ul>
<li><strong>Agency</strong> Federal Trade Commission</li>
<li><strong>Posted</strong> Dec 6, 2019</li>
<li><strong>ID</strong> FTC-2019-0013-0089</li>
</ul>
</div>
</div>
</div>
<div class="card-actions">
<div class="row">
<!-- --> </div>
<div class="row">
<div class="col-md-6 card-countdown inline js-comments-due">
<!-- --> </div>
<div class="col-md-6 card-countdown inline pull-right js-comment-section">
<!-- --> </div>
</div>
</div>
</div>
<div class="card card-type-comment ember-view" id="ember221"><div class="card-block">
<p class="card-subtitle d-inline-block">Public Submission</p>
<!-- -->
<h3 class="h4 card-title">
<a class="ember-view" href="/comment/FAA-2009-1228-0005" id="ember222">
        Attached
      </a>
</h3>
<p class="card-text">Lynden Air Cargo respectfully submits the <mark><em>attached</em></mark> comments to Docket FAA-2009-1228.… Sincerely, 
Lynden Air Cargo, LLC 
 
 
 
Jeff Pull 
Director of Quality Control 
 
<mark><em>Attachments</em></mark>: <mark><em>Attachment</em></mark>… Zarr, FAA ASI 
  
 

jpull
medium sig



<mark><em>Attachment</em></mark> A 
Lynden Air Cargo Specific Comments to Docket FAA… <mark><em>Attachment</em></mark> A 
Lynden Air Cargo Specific Comments to Docket FAA-2009-1228 

February 18, 2010 
 

Page… to Docket FAA-2009-1228 

February 18, 2010 
 

Page 4 of 14 

NPRM Comments 
new <mark><em>attach</em></mark> angles even… <mark><em>Attachment</em></mark> A 
Lynden Air Cargo Specific Comments to Docket FAA-2009-1228 

February 18, 2010 
 

Page</p>
<div class="card-metadata">
<a aria-controls="collapseCardMetadata-ember221" aria-expanded="false" class="visible-xs visible-sm" data-toggle="collapse" href="#collapseCardMetadata-ember221" role="button">
      View Details <span class="caret"></span>
</a>
<div class="collapse" id="collapseCardMetadata-ember221">
<ul>
<li><strong>Agency</strong> Federal Aviation Administration</li>
<li><strong>Posted</strong> Feb 19, 2010</li>
<li><strong>ID</strong> FAA-2009-1228-0005</li>
</ul>
</div>
</div>
</div>
<div class="card-actions">
<div class="row">
<!-- --> </div>
<div class="row">
<div class="col-md-6 card-countdown inline js-comments-due">
<!-- --> </div>
<div class="col-md-6 card-countdown inline pull-right js-comment-section">
<!-- --> </div>
</div>
</div>
</div>
<div class="card card-type-comment ember-view" id="ember223"><div class="card-block">
<p class="card-subtitle d-inline-block">Public Submission</p>
<!-- -->
<h3 class="h4 card-title">
<a class="ember-view" href="/comment/FAA-2009-0920-0002" id="ember224">
        Attached
      </a>
</h3>
<p class="card-text">Please find the <mark><em>attached</em></mark> layouts 

per our discussion, and do not hesitate to contact me if I can provide… ToJan Thor/ANM/FAA@FAA

ccScott Fohrman/AGL/FAA@FAA

SubjectFw: Petition for Exemption

 

Jan,

See <mark><em>attached</em></mark>… ToMelvin Johnson/ANM/FAA@FAA

cc

SubjectFw: Petition for Exemption

 

Hi Mel

Exemption requested <mark><em>attached</em></mark>… Fohrman/AGL/FAA@FAA

cc

SubjectPetition for Exemption

 

Good morning Scott,

 

Please find the <mark><em>attached</em></mark></p>
<div class="card-metadata">
<a aria-controls="collapseCardMetadata-ember223" aria-expanded="false" class="visible-xs visible-sm" data-toggle="collapse" href="#collapseCardMetadata-ember223" role="button">
      View Details <span class="caret"></span>
</a>
<div class="collapse" id="collapseCardMetadata-ember223">
<ul>
<li><strong>Agency</strong> Federal Aviation Administration</li>
<li><strong>Posted</strong> Oct 8, 2009</li>
<li><strong>ID</strong> FAA-2009-0920-0002</li>
</ul>
</div>
</div>
</div>
<div class="card-actions">
<div class="row">
<!-- --> </div>
<div class="row">
<div class="col-md-6 card-countdown inline js-comments-due">
<!-- --> </div>
<div class="col-md-6 card-countdown inline pull-right js-comment-section">
<!-- --> </div>
</div>
</div>
</div>
<div class="card card-type-comment ember-view" id="ember225"><div class="card-block">
<p class="card-subtitle d-inline-block">Public Submission</p>
<!-- -->
<h3 class="h4 card-title">
<a class="ember-view" href="/comment/NHTSA-2008-0089-0178" id="ember226">
        Attachment
      </a>
</h3>
<p class="card-text">Provided as <mark><em>Attachment</em></mark> 1 is a list of questions, comments and changes that  if incorporated, 
would greatly… Sincerely, 

 
Casimer Andary, 
Director, Regulatory Programs 
 



  <mark><em>Attachment</em></mark> 1 
 

Comments on NHTSA… For each of the four imprints, determine the centerline of the tire by 



  <mark><em>Attachment</em></mark> 1 
 

Comments… <mark><em>Attachment</em></mark> 1 

Page 3 of 3 
 

 

Finish 

Start 

Imprint material 
(4 strips: one for each 
tire)</p>
<div class="card-metadata">
<a aria-controls="collapseCardMetadata-ember225" aria-expanded="false" class="visible-xs visible-sm" data-toggle="collapse" href="#collapseCardMetadata-ember225" role="button">
      View Details <span class="caret"></span>
</a>
<div class="collapse" id="collapseCardMetadata-ember225">
<ul>
<li><strong>Agency</strong> National Highway Traffic Safety Administration</li>
<li><strong>Posted</strong> Jul 1, 2008</li>
<li><strong>ID</strong> NHTSA-2008-0089-0178</li>
</ul>
</div>
</div>
</div>
<div class="card-actions">
<div class="row">
<!-- --> </div>
<div class="row">
<div class="col-md-6 card-countdown inline js-comments-due">
<!-- --> </div>
<div class="col-md-6 card-countdown inline pull-right js-comment-section">
<!-- --> </div>
</div>
</div>
</div>
<div class="card card-type-comment ember-view" id="ember227"><div class="card-block">
<p class="card-subtitle d-inline-block">Public Submission</p>
<!-- -->
<h3 class="h4 card-title">
<a class="ember-view" href="/comment/PHMSA-2009-0251-0004" id="ember228">
        Attached
      </a>
</h3>
<p class="card-text">(A copy of COE Regulatory Guidance letter No. 05-05 is <mark><em>attached</em></mark>).… The <mark><em>attached</em></mark> Regional Map shows the general location of Delhi Pipeline and Green Pipeline.… The “Delhi Pipeline Mainline Valve Placement Analysis” <mark><em>attachment</em></mark> (Figure 6) is a risk-based analysis… The “Green Pipeline Mainline Valve Placement Analysis” <mark><em>attachment</em></mark> (Figure 33) is a risk-based analysis… The “Mainline Valve Spacing Analysis” <mark><em>attachment</em></mark> (Figure 7) describes the general terrain and land use</p>
<div class="card-metadata">
<a aria-controls="collapseCardMetadata-ember227" aria-expanded="false" class="visible-xs visible-sm" data-toggle="collapse" href="#collapseCardMetadata-ember227" role="button">
      View Details <span class="caret"></span>
</a>
<div class="collapse" id="collapseCardMetadata-ember227">
<ul>
<li><strong>Agency</strong> Pipeline and Hazardous Materials Safety Administration</li>
<li><strong>Posted</strong> Jul 28, 2009</li>
<li><strong>ID</strong> PHMSA-2009-0251-0004</li>
</ul>
</div>
</div>
</div>
<div class="card-actions">
<div class="row">
<!-- --> </div>
<div class="row">
<div class="col-md-6 card-countdown inline js-comments-due">
<!-- --> </div>
<div class="col-md-6 card-countdown inline pull-right js-comment-section">
<!-- --> </div>
</div>
</div>
</div>
<div class="card card-type-comment ember-view" id="ember229"><div class="card-block">
<p class="card-subtitle d-inline-block">Public Submission</p>
<!-- -->
<h3 class="h4 card-title">
<a class="ember-view" href="/comment/PHMSA-2008-0062-0006" id="ember230">
        Attached
      </a>
</h3>
<p class="card-text">Please <mark><em>attach</em></mark> these documents to Docket # PHMSA-2007-0052.… Evidence 

See the <mark><em>attached</em></mark> inspectiodinvestigation report at pages 2 and 3 and the exhibits included… Evidence 

See the <mark><em>attached</em></mark> inspectiodinvestigation report at pages 4,6, and 7 and the exhibits included… Evidence 

See the <mark><em>attached</em></mark> inspectiodinvestigation report at page 5 and the exhibits included with that… Evidence 

See the <mark><em>attached</em></mark> inspectiodinvestigation report at pages 8 and 9 and the exhibits included… Evidence 

See the <mark><em>attached</em></mark> inspection/investigation report at page 10 and the exhibits included with</p>
<div class="card-metadata">
<a aria-controls="collapseCardMetadata-ember229" aria-expanded="false" class="visible-xs visible-sm" data-toggle="collapse" href="#collapseCardMetadata-ember229" role="button">
      View Details <span class="caret"></span>
</a>
<div class="collapse" id="collapseCardMetadata-ember229">
<ul>
<li><strong>Agency</strong> Pipeline and Hazardous Materials Safety Administration</li>
<li><strong>Posted</strong> May 14, 2009</li>
<li><strong>ID</strong> PHMSA-2008-0062-0006</li>
</ul>
</div>
</div>
</div>
<div class="card-actions">
<div class="row">
<!-- --> </div>
<div class="row">
<div class="col-md-6 card-countdown inline js-comments-due">
<!-- --> </div>
<div class="col-md-6 card-countdown inline pull-right js-comment-section">
<!-- --> </div>
</div>
</div>
</div>
<div class="card card-type-comment ember-view" id="ember231"><div class="card-block">
<p class="card-subtitle d-inline-block">Public Submission</p>
<!-- -->
<h3 class="h4 card-title">
<a class="ember-view" href="/comment/NHTSA-2008-0113-0003" id="ember232">
        Attachment
      </a>
</h3>
<p class="card-text">performance and safety benefits of current and future cars and trucks. 
3 For reference, please see <mark><em>Attachment</em></mark>… Box 13966, Research Triangle Park, NC 27709 / Phone: 919-549-4800  Fax: 919-549-4824

<mark><em>Attachment</em></mark> I… <mark><em>Attachment</em></mark> I - MEMA Comments to NHTSA Docket No. 2008-0113



Category Management
Many offshore manufacturers… In addition, inventory balancing or annual stock adjustments usually are not 
offered.

4

<mark><em>Attachment</em></mark>… <mark><em>Attachment</em></mark> I - MEMA Comments to NHTSA Docket No. 2008-0113


	Introduction
	Discussion
	Accountability</p>
<div class="card-metadata">
<a aria-controls="collapseCardMetadata-ember231" aria-expanded="false" class="visible-xs visible-sm" data-toggle="collapse" href="#collapseCardMetadata-ember231" role="button">
      View Details <span class="caret"></span>
</a>
<div class="collapse" id="collapseCardMetadata-ember231">
<ul>
<li><strong>Agency</strong> National Highway Traffic Safety Administration</li>
<li><strong>Posted</strong> Aug 8, 2008</li>
<li><strong>ID</strong> NHTSA-2008-0113-0003</li>
</ul>
</div>
</div>
</div>
<div class="card-actions">
<div class="row">
<!-- --> </div>
<div class="row">
<div class="col-md-6 card-countdown inline js-comments-due">
<!-- --> </div>
<div class="col-md-6 card-countdown inline pull-right js-comment-section">
<!-- --> </div>
</div>
</div>
</div>
<div class="card card-type-comment ember-view" id="ember233"><div class="card-block">
<p class="card-subtitle d-inline-block">Public Submission</p>
<!-- -->
<h3 class="h4 card-title">
<a class="ember-view" href="/comment/OSHA-H370A-2006-0895-0256" id="ember234">
        3-141-A: ATTACHMENTS
      </a>
</h3>
<p class="card-text"><mark><em>ATTACHMENTS</em></mark>… <mark><em>Attachment</em></mark> 1: 

<mark><em>Attachment</em></mark> 2: 

<mark><em>Attachment</em></mark> 3: 

<mark><em>Attachment</em></mark> 4: 

<mark><em>Attachment</em></mark> 5: 

<mark><em>Attachments</em></mark> 

Article</p>
<div class="card-metadata">
<a aria-controls="collapseCardMetadata-ember233" aria-expanded="false" class="visible-xs visible-sm" data-toggle="collapse" href="#collapseCardMetadata-ember233" role="button">
      View Details <span class="caret"></span>
</a>
<div class="collapse" id="collapseCardMetadata-ember233">
<ul>
<li><strong>Agency</strong> Occupational Safety and Health Administration</li>
<li><strong>Posted</strong> Jan 1, 2006</li>
<li><strong>ID</strong> OSHA-H370A-2006-0895-0256</li>
</ul>
</div>
</div>
</div>
<div class="card-actions">
<div class="row">
<!-- --> </div>
<div class="row">
<div class="col-md-6 card-countdown inline js-comments-due">
<!-- --> </div>
<div class="col-md-6 card-countdown inline pull-right js-comment-section">
<!-- --> </div>
</div>
</div>
</div>
<div class="card card-type-comment ember-view" id="ember235"><div class="card-block">
<p class="card-subtitle d-inline-block">Public Submission</p>
<!-- -->
<h3 class="h4 card-title">
<a class="ember-view" href="/comment/PHMSA-2009-0289-0005" id="ember236">
        Attached
      </a>
</h3>
<p class="card-text">Comment <mark><em>attached</em></mark>.… PHMSA-2009-0289 CHM-233A); Comment on notice of proposed
rulemaking

The <mark><em>attached</em></mark> comment is submitted… do not hesitate to contact me if you have questions or require additional
information concerning the <mark><em>attached</em></mark>… for protection
from accidental discharge, the resulting text of 173.306(k) could be as shown in the <mark><em>attachment</em></mark></p>
<div class="card-metadata">
<a aria-controls="collapseCardMetadata-ember235" aria-expanded="false" class="visible-xs visible-sm" data-toggle="collapse" href="#collapseCardMetadata-ember235" role="button">
      View Details <span class="caret"></span>
</a>
<div class="collapse" id="collapseCardMetadata-ember235">
<ul>
<li><strong>Agency</strong> Pipeline and Hazardous Materials Safety Administration</li>
<li><strong>Posted</strong> Feb 3, 2010</li>
<li><strong>ID</strong> PHMSA-2009-0289-0005</li>
</ul>
</div>
</div>
</div>
<div class="card-actions">
<div class="row">
<!-- --> </div>
<div class="row">
<div class="col-md-6 card-countdown inline js-comments-due">
<!-- --> </div>
<div class="col-md-6 card-countdown inline pull-right js-comment-section">
<!-- --> </div>
</div>
</div>
</div>
<div class="card card-type-comment ember-view" id="ember237"><div class="card-block">
<p class="card-subtitle d-inline-block">Public Submission</p>
<!-- -->
<h3 class="h4 card-title">
<a class="ember-view" href="/comment/PHMSA-2008-0211-0043" id="ember238">
        Attached
      </a>
</h3>
<p class="card-text">See <mark><em>attached</em></mark> "Comments of Norton McMurray Manufacturing Company".… 20000089 row 1244 column Z.  
5
 A copy of the referenced PUCO Pipeline Failure Investigation Report is <mark><em>attached</em></mark>… hereto as <mark><em>Attachment</em></mark> 

A.. 



 7

verified root causes were reported on FORM F7100.1 or subsequently… Pennsylvania Avenue, N.W., Suite 500 

   Washington, DC  20006-4725 

   (202) 371-9889 

   Counsel 



 14

<mark><em>ATTACHMENT</em></mark>… Clean soil, no stone or concrete observed
Type of Water: (Salt, Brackish)
nla

Analysis: L] yes X No (<mark><em>Attach</em></mark>… Failure occurred in the pipe wall.

3tL9/2003
t2


	NORMAC - PHMSA 2008-0211 Comments
	<mark><em>Attachment</em></mark> to</p>
<div class="card-metadata">
<a aria-controls="collapseCardMetadata-ember237" aria-expanded="false" class="visible-xs visible-sm" data-toggle="collapse" href="#collapseCardMetadata-ember237" role="button">
      View Details <span class="caret"></span>
</a>
<div class="collapse" id="collapseCardMetadata-ember237">
<ul>
<li><strong>Agency</strong> Pipeline and Hazardous Materials Safety Administration</li>
<li><strong>Posted</strong> Sep 16, 2009</li>
<li><strong>ID</strong> PHMSA-2008-0211-0043</li>
</ul>
</div>
</div>
</div>
<div class="card-actions">
<div class="row">
<!-- --> </div>
<div class="row">
<div class="col-md-6 card-countdown inline js-comments-due">
<!-- --> </div>
<div class="col-md-6 card-countdown inline pull-right js-comment-section">
<!-- --> </div>
</div>
</div>
</div>
<div class="card card-type-comment ember-view" id="ember239"><div class="card-block">
<p class="card-subtitle d-inline-block">Public Submission</p>
<!-- -->
<h3 class="h4 card-title">
<a class="ember-view" href="/comment/PHMSA-2009-0304-0007" id="ember240">
        Attached
      </a>
</h3>
<p class="card-text">The changes proposed to <mark><em>Attachments</em></mark> 1-9 would present little difficulty to develop the requested information… However, staff is strongly opposed to the changes proposed in <mark><em>Attachment</em></mark> 10.… The changes 
proposed to <mark><em>Attachments</em></mark> 1-9 would present little difficulty to develop the requested information… However, staff is strongly opposed to the changes 
proposed in <mark><em>Attachment</em></mark> 10.</p>
<div class="card-metadata">
<a aria-controls="collapseCardMetadata-ember239" aria-expanded="false" class="visible-xs visible-sm" data-toggle="collapse" href="#collapseCardMetadata-ember239" role="button">
      View Details <span class="caret"></span>
</a>
<div class="collapse" id="collapseCardMetadata-ember239">
<ul>
<li><strong>Agency</strong> Pipeline and Hazardous Materials Safety Administration</li>
<li><strong>Posted</strong> Dec 23, 2009</li>
<li><strong>ID</strong> PHMSA-2009-0304-0007</li>
</ul>
</div>
</div>
</div>
<div class="card-actions">
<div class="row">
<!-- --> </div>
<div class="row">
<div class="col-md-6 card-countdown inline js-comments-due">
<!-- --> </div>
<div class="col-md-6 card-countdown inline pull-right js-comment-section">
<!-- --> </div>
</div>
</div>
</div>
<div class="card card-type-comment ember-view" id="ember241"><div class="card-block">
<p class="card-subtitle d-inline-block">Public Submission</p>
<!-- -->
<h3 class="h4 card-title">
<a class="ember-view" href="/comment/NHTSA-2008-0132-0002" id="ember242">
        Attachment
      </a>
</h3>
<p class="card-text">to environmental conditions was to “better ensure that child restraints 
will be able to be securely <mark><em>attached</em></mark>… the following requirement applied to the 
webbing provided with a child restraint system and used to <mark><em>attach</em></mark>… Copies of these are 
<mark><em>attached</em></mark>.… • Always anchor the car seat/booster car seat to the car
using the LATCH <mark><em>attachment</em></mark> system or vehicle… ________ 

Date of Manufacture: ___________________________ 

This information is printed on labels <mark><em>attached</em></mark></p>
<div class="card-metadata">
<a aria-controls="collapseCardMetadata-ember241" aria-expanded="false" class="visible-xs visible-sm" data-toggle="collapse" href="#collapseCardMetadata-ember241" role="button">
      View Details <span class="caret"></span>
</a>
<div class="collapse" id="collapseCardMetadata-ember241">
<ul>
<li><strong>Agency</strong> National Highway Traffic Safety Administration</li>
<li><strong>Posted</strong> Aug 8, 2008</li>
<li><strong>ID</strong> NHTSA-2008-0132-0002</li>
</ul>
</div>
</div>
</div>
<div class="card-actions">
<div class="row">
<!-- --> </div>
<div class="row">
<div class="col-md-6 card-countdown inline js-comments-due">
<!-- --> </div>
<div class="col-md-6 card-countdown inline pull-right js-comment-section">
<!-- --> </div>
</div>
</div>
</div>
<div class="card card-type-comment ember-view" id="ember243"><div class="card-block">
<p class="card-subtitle d-inline-block">Public Submission</p>
<!-- -->
<h3 class="h4 card-title">
<a class="ember-view" href="/comment/NHTSA-2008-0108-0028" id="ember244">
        Attached
      </a>
</h3>
<p class="card-text">Please see the <mark><em>attached</em></mark> file for comment to NHTSA-2008-0108-0025.1… on its behalf and on behalf of Nissan Motor Company, Ltd., of Tokyo,
Japan, ("Nissan") submits the <mark><em>attached</em></mark>… Should you have any questions regarding the content of the <mark><em>attached</em></mark> comments, please contact
Sarah Hiple</p>
<div class="card-metadata">
<a aria-controls="collapseCardMetadata-ember243" aria-expanded="false" class="visible-xs visible-sm" data-toggle="collapse" href="#collapseCardMetadata-ember243" role="button">
      View Details <span class="caret"></span>
</a>
<div class="collapse" id="collapseCardMetadata-ember243">
<ul>
<li><strong>Agency</strong> National Highway Traffic Safety Administration</li>
<li><strong>Posted</strong> Sep 18, 2009</li>
<li><strong>ID</strong> NHTSA-2008-0108-0028</li>
</ul>
</div>
</div>
</div>
<div class="card-actions">
<div class="row">
<!-- --> </div>
<div class="row">
<div class="col-md-6 card-countdown inline js-comments-due">
<!-- --> </div>
<div class="col-md-6 card-countdown inline pull-right js-comment-section">
<!-- --> </div>
</div>
</div>
</div>
<div class="card card-type-comment ember-view" id="ember245"><div class="card-block">
<p class="card-subtitle d-inline-block">Public Submission</p>
<!-- -->
<h3 class="h4 card-title">
<a class="ember-view" href="/comment/FAA-2008-0677-0090" id="ember246">
        Attached
      </a>
</h3>
<p class="card-text">Use of
Crewmembers and Aircraft Dispatchers", sent by letter # DGT DTC OPE 338912 July
15th 2009, in <mark><em>attachment</em></mark>… This concept is included in a proposed <mark><em>Attachment</em></mark> 1 of Appendix Q 
to Part 121 - see page 1332 of the… training course, which 
can not be reduced below programmed hours specified in proposed Table 1A of <mark><em>Attachment</em></mark></p>
<div class="card-metadata">
<a aria-controls="collapseCardMetadata-ember245" aria-expanded="false" class="visible-xs visible-sm" data-toggle="collapse" href="#collapseCardMetadata-ember245" role="button">
      View Details <span class="caret"></span>
</a>
<div class="collapse" id="collapseCardMetadata-ember245">
<ul>
<li><strong>Agency</strong> Federal Aviation Administration</li>
<li><strong>Posted</strong> Jul 16, 2009</li>
<li><strong>ID</strong> FAA-2008-0677-0090</li>
</ul>
</div>
</div>
</div>
<div class="card-actions">
<div class="row">
<!-- --> </div>
<div class="row">
<div class="col-md-6 card-countdown inline js-comments-due">
<!-- --> </div>
<div class="col-md-6 card-countdown inline pull-right js-comment-section">
<!-- --> </div>
</div>
</div>
</div>
<div class="card card-type-comment ember-view" id="ember247"><div class="card-block">
<p class="card-subtitle d-inline-block">Public Submission</p>
<!-- -->
<h3 class="h4 card-title">
<a class="ember-view" href="/comment/FMCSA-2008-0235-0007" id="ember248">
        Attachment
      </a>
</h3>
<p class="card-text">see <mark><em>attached</em></mark>… A complete list 
ofTTD affiliated unions is <mark><em>attached</em></mark>. 
2 Elimination of Route Designation Requirement… Sincerely, 

Edward Wytkind 
President 

2 



<mark><em>ATTACHMENT</em></mark> 
 
 
 

TTD MEMBER UNIONS 
 

The following</p>
<div class="card-metadata">
<a aria-controls="collapseCardMetadata-ember247" aria-expanded="false" class="visible-xs visible-sm" data-toggle="collapse" href="#collapseCardMetadata-ember247" role="button">
      View Details <span class="caret"></span>
</a>
<div class="collapse" id="collapseCardMetadata-ember247">
<ul>
<li><strong>Agency</strong> Federal Motor Carrier Safety Administration</li>
<li><strong>Posted</strong> Sep 23, 2008</li>
<li><strong>ID</strong> FMCSA-2008-0235-0007</li>
</ul>
</div>
</div>
</div>
<div class="card-actions">
<div class="row">
<!-- --> </div>
<div class="row">
<div class="col-md-6 card-countdown inline js-comments-due">
<!-- --> </div>
<div class="col-md-6 card-countdown inline pull-right js-comment-section">
<!-- --> </div>
</div>
</div>
</div>
<div class="card card-type-comment ember-view" id="ember249"><div class="card-block">
<p class="card-subtitle d-inline-block">Public Submission</p>
<!-- -->
<h3 class="h4 card-title">
<a class="ember-view" href="/comment/FAA-2009-0022-0014" id="ember250">
        Attached
      </a>
</h3>
<p class="card-text">Please see the <mark><em>attached</em></mark> letter for comments.… Also, in the <mark><em>attached</em></mark> letters, United Airlines and American Airlines suggest that FAA 
consider the following… Please see the <mark><em>attached</em></mark> letters for complete details.</p>
<div class="card-metadata">
<a aria-controls="collapseCardMetadata-ember249" aria-expanded="false" class="visible-xs visible-sm" data-toggle="collapse" href="#collapseCardMetadata-ember249" role="button">
      View Details <span class="caret"></span>
</a>
<div class="collapse" id="collapseCardMetadata-ember249">
<ul>
<li><strong>Agency</strong> Federal Aviation Administration</li>
<li><strong>Posted</strong> Apr 22, 2009</li>
<li><strong>ID</strong> FAA-2009-0022-0014</li>
</ul>
</div>
</div>
</div>
<div class="card-actions">
<div class="row">
<!-- --> </div>
<div class="row">
<div class="col-md-6 card-countdown inline js-comments-due">
<!-- --> </div>
<div class="col-md-6 card-countdown inline pull-right js-comment-section">
<!-- --> </div>
</div>
</div>
</div>
<div class="card card-type-comment ember-view" id="ember251"><div class="card-block">
<p class="card-subtitle d-inline-block">Public Submission</p>
<!-- -->
<h3 class="h4 card-title">
<a class="ember-view" href="/comment/PHMSA-2007-0065-0013" id="ember252">
        Attachment
      </a>
</h3>
<p class="card-text">I have <mark><em>attached</em></mark> a copy of an Incident we had in 2003 that is an example of such 
an incident.… disconnected, the battery 
terminals are protected from short-circuits and the battery is securely <mark><em>attached</em></mark>… the battery provided that the 
terminals are protected from short circuit and the battery is securely <mark><em>attached</em></mark></p>
<div class="card-metadata">
<a aria-controls="collapseCardMetadata-ember251" aria-expanded="false" class="visible-xs visible-sm" data-toggle="collapse" href="#collapseCardMetadata-ember251" role="button">
      View Details <span class="caret"></span>
</a>
<div class="collapse" id="collapseCardMetadata-ember251">
<ul>
<li><strong>Agency</strong> Pipeline and Hazardous Materials Safety Administration</li>
<li><strong>Posted</strong> Sep 10, 2008</li>
<li><strong>ID</strong> PHMSA-2007-0065-0013</li>
</ul>
</div>
</div>
</div>
<div class="card-actions">
<div class="row">
<!-- --> </div>
<div class="row">
<div class="col-md-6 card-countdown inline js-comments-due">
<!-- --> </div>
<div class="col-md-6 card-countdown inline pull-right js-comment-section">
<!-- --> </div>
</div>
</div>
</div>
<div class="card card-type-comment ember-view" id="ember253"><div class="card-block">
<p class="card-subtitle d-inline-block">Public Submission</p>
<!-- -->
<h3 class="h4 card-title">
<a class="ember-view" href="/comment/FAA-2009-0022-0015" id="ember254">
        Attached
      </a>
</h3>
<p class="card-text"><mark><em>Attached</em></mark> are AFA-CWA comments to the NPRM.… <mark><em>Attached</em></mark> are our previously submitted 
comments regarding Southwest Airline’s petition for exemption… function and operation of 
emergency exits in the emergency modes with the evacuation slide/raft pack <mark><em>attached</em></mark>… Please find <mark><em>attached</em></mark> our previously submitted comments regarding the Petitioner’s original 
request for</p>
<div class="card-metadata">
<a aria-controls="collapseCardMetadata-ember253" aria-expanded="false" class="visible-xs visible-sm" data-toggle="collapse" href="#collapseCardMetadata-ember253" role="button">
      View Details <span class="caret"></span>
</a>
<div class="collapse" id="collapseCardMetadata-ember253">
<ul>
<li><strong>Agency</strong> Federal Aviation Administration</li>
<li><strong>Posted</strong> Apr 22, 2009</li>
<li><strong>ID</strong> FAA-2009-0022-0015</li>
</ul>
</div>
</div>
</div>
<div class="card-actions">
<div class="row">
<!-- --> </div>
<div class="row">
<div class="col-md-6 card-countdown inline js-comments-due">
<!-- --> </div>
<div class="col-md-6 card-countdown inline pull-right js-comment-section">
<!-- --> </div>
</div>
</div>
</div>
<div class="card card-type-comment ember-view" id="ember255"><div class="card-block">
<p class="card-subtitle d-inline-block">Public Submission</p>
<!-- -->
<h3 class="h4 card-title">
<a class="ember-view" href="/comment/NHTSA-2009-0168-0005" id="ember256">
        Attached
      </a>
</h3>
<p class="card-text">Additional detail and supporting data associated with these points is provided in the 
<mark><em>attached</em></mark> Appendix… Vice President       
Vehicle Safety and Harmonization    
Alliance of Automobile Manufacturers  
 
<mark><em>Attachment</em></mark></p>
<div class="card-metadata">
<a aria-controls="collapseCardMetadata-ember255" aria-expanded="false" class="visible-xs visible-sm" data-toggle="collapse" href="#collapseCardMetadata-ember255" role="button">
      View Details <span class="caret"></span>
</a>
<div class="collapse" id="collapseCardMetadata-ember255">
<ul>
<li><strong>Agency</strong> National Highway Traffic Safety Administration</li>
<li><strong>Posted</strong> Mar 25, 2010</li>
<li><strong>ID</strong> NHTSA-2009-0168-0005</li>
</ul>
</div>
</div>
</div>
<div class="card-actions">
<div class="row">
<!-- --> </div>
<div class="row">
<div class="col-md-6 card-countdown inline js-comments-due">
<!-- --> </div>
<div class="col-md-6 card-countdown inline pull-right js-comment-section">
<!-- --> </div>
</div>
</div>
</div>
<div class="card card-type-comment ember-view" id="ember257"><div class="card-block">
<p class="card-subtitle d-inline-block">Public Submission</p>
<!-- -->
<h3 class="h4 card-title">
<a class="ember-view" href="/comment/NHTSA-2008-0089-0179" id="ember258">
        Attachment
      </a>
</h3>
<p class="card-text">(“Sierra”) (<mark><em>Attachment</em></mark> 2) (see 
also <mark><em>Attachment</em></mark> 9) and NERA Economic Consulting (“NERA”) (<mark><em>Attachment</em></mark>… 13); see also <mark><em>Attachment</em></mark> 4.… 11); see also <mark><em>Attachment</em></mark> 8.… See 
<mark><em>Attachment</em></mark> 12. 
 

B.… See also <mark><em>Attachment</em></mark> 5.</p>
<div class="card-metadata">
<a aria-controls="collapseCardMetadata-ember257" aria-expanded="false" class="visible-xs visible-sm" data-toggle="collapse" href="#collapseCardMetadata-ember257" role="button">
      View Details <span class="caret"></span>
</a>
<div class="collapse" id="collapseCardMetadata-ember257">
<ul>
<li><strong>Agency</strong> National Highway Traffic Safety Administration</li>
<li><strong>Posted</strong> Jul 1, 2008</li>
<li><strong>ID</strong> NHTSA-2008-0089-0179</li>
</ul>
</div>
</div>
</div>
<div class="card-actions">
<div class="row">
<!-- --> </div>
<div class="row">
<div class="col-md-6 card-countdown inline js-comments-due">
<!-- --> </div>
<div class="col-md-6 card-countdown inline pull-right js-comment-section">
<!-- --> </div>
</div>
</div>
</div>
<div class="card card-type-comment ember-view" id="ember259"><div class="card-block">
<p class="card-subtitle d-inline-block">Public Submission</p>
<!-- -->
<h3 class="h4 card-title">
<a class="ember-view" href="/comment/PHMSA-2007-0033-0012" id="ember260">
        Attachment
      </a>
</h3>
<p class="card-text"><mark><em>Attached</em></mark> are comments of CONSOL Energy Inc.… A copy of Texas Eastern’s objections is <mark><em>attached</em></mark>

hereto as Exhibit A.… Copies of Columbia’s objection letters and its administrative appeal are <mark><em>attached</em></mark> hereto

as Exhibits… vacate and remand DMR’s appreval of Revision #31 to Permit
U 102591 for the tease, s stated in the <mark><em>attached</em></mark>… DMR’s approval letter k~. <mark><em>attached</em></mark> as Exhibit 1.A.… : to subsidence an3avhere in DMR’s approval of Revision No. 31 is
contained in the conclus ,m of an <mark><em>attached</em></mark></p>
<div class="card-metadata">
<a aria-controls="collapseCardMetadata-ember259" aria-expanded="false" class="visible-xs visible-sm" data-toggle="collapse" href="#collapseCardMetadata-ember259" role="button">
      View Details <span class="caret"></span>
</a>
<div class="collapse" id="collapseCardMetadata-ember259">
<ul>
<li><strong>Agency</strong> Pipeline and Hazardous Materials Safety Administration</li>
<li><strong>Posted</strong> May 16, 2008</li>
<li><strong>ID</strong> PHMSA-2007-0033-0012</li>
</ul>
</div>
</div>
</div>
<div class="card-actions">
<div class="row">
<!-- --> </div>
<div class="row">
<div class="col-md-6 card-countdown inline js-comments-due">
<!-- --> </div>
<div class="col-md-6 card-countdown inline pull-right js-comment-section">
<!-- --> </div>
</div>
</div>
</div>
<div class="card card-type-comment ember-view" id="ember261"><div class="card-block">
<p class="card-subtitle d-inline-block">Public Submission</p>
<!-- -->
<h3 class="h4 card-title">
<a class="ember-view" href="/comment/NHTSA-2009-0106-0002" id="ember262">
        Attached
      </a>
</h3>
<p class="card-text">Committee on Energy and Commerce, on the importance of 
NASS/CDS and the need to expand the program (see <mark><em>attached</em></mark>… NHTSA-2009-0106 

 
<mark><em>Attachment</em></mark> 
 
Statement before the US House Committee on Energy and Commerce, Subcommittee… Insurance Institute for Highway Safety 6 
1005 North Glebe Road, Arlington, VA 22201 

May 18, 2009 

<mark><em>Attachment</em></mark></p>
<div class="card-metadata">
<a aria-controls="collapseCardMetadata-ember261" aria-expanded="false" class="visible-xs visible-sm" data-toggle="collapse" href="#collapseCardMetadata-ember261" role="button">
      View Details <span class="caret"></span>
</a>
<div class="collapse" id="collapseCardMetadata-ember261">
<ul>
<li><strong>Agency</strong> National Highway Traffic Safety Administration</li>
<li><strong>Posted</strong> Jul 2, 2009</li>
<li><strong>ID</strong> NHTSA-2009-0106-0002</li>
</ul>
</div>
</div>
</div>
<div class="card-actions">
<div class="row">
<!-- --> </div>
<div class="row">
<div class="col-md-6 card-countdown inline js-comments-due">
<!-- --> </div>
<div class="col-md-6 card-countdown inline pull-right js-comment-section">
<!-- --> </div>
</div>
</div>
</div>
<div class="card card-type-comment ember-view" id="ember263"><div class="card-block">
<p class="card-subtitle d-inline-block">Public Submission</p>
<!-- -->
<h3 class="h4 card-title">
<a class="ember-view" href="/comment/FAA-2009-0018-0011" id="ember264">
        Attached
      </a>
</h3>
<p class="card-text">Please see the <mark><em>attached</em></mark> letter.… Please see the <mark><em>attached</em></mark> letter for complete details.</p>
<div class="card-metadata">
<a aria-controls="collapseCardMetadata-ember263" aria-expanded="false" class="visible-xs visible-sm" data-toggle="collapse" href="#collapseCardMetadata-ember263" role="button">
      View Details <span class="caret"></span>
</a>
<div class="collapse" id="collapseCardMetadata-ember263">
<ul>
<li><strong>Agency</strong> Federal Aviation Administration</li>
<li><strong>Posted</strong> May 21, 2009</li>
<li><strong>ID</strong> FAA-2009-0018-0011</li>
</ul>
</div>
</div>
</div>
<div class="card-actions">
<div class="row">
<!-- --> </div>
<div class="row">
<div class="col-md-6 card-countdown inline js-comments-due">
<!-- --> </div>
<div class="col-md-6 card-countdown inline pull-right js-comment-section">
<!-- --> </div>
</div>
</div>
</div>
</div>
</div>
<div class="row pagination-container">
<div class="col-md-8 col-md-push-4 text-right ember-view" id="ember265"> <nav aria-label="Page Navigation">
<ul class="pagination pagination-sm">
<li class="disabled">
<button aria-disabled="true" aria-label="Go to previous page" type="button">
<svg aria-hidden="true" class="svg-inline--fa fa-angle-left fa-w-8 fa-sm" data-icon="angle-left" data-prefix="fas" focusable="false" role="img" viewbox="0 0 256 512" xmlns="http://www.w3.org/2000/svg">
<path d="M192 448c-8.188 0-16.38-3.125-22.62-9.375l-160-160c-12.5-12.5-12.5-32.75 0-45.25l160-160c12.5-12.5 32.75-12.5 45.25 0s12.5 32.75 0 45.25L77.25 256l137.4 137.4c12.5 12.5 12.5 32.75 0 45.25C208.4 444.9 200.2 448 192 448z" fill="currentColor"></path>
</svg>
<span class="sr-only js-previous">Previous</span>
</button>
</li>
<li class="active">
<button aria-disabled="true" aria-label="Currently selected page 1" type="button">1</button>
</li>
<li>
<button aria-label="Go to page 2" data-ember-action="" data-ember-action-266="266" type="button">2</button>
</li>
<li>
<button aria-label="Go to page 3" data-ember-action="" data-ember-action-267="267" type="button">3</button>
</li>
<li>
<button aria-label="Go to page 4" data-ember-action="" data-ember-action-268="268" type="button">4</button>
</li>
<li>
<button aria-label="Go to page 5" data-ember-action="" data-ember-action-269="269" type="button">5</button>
</li>
<li>
<button aria-label="Go to page 6" data-ember-action="" data-ember-action-270="270" type="button">6</button>
</li>
<li>
<button aria-label="Go to page 7" data-ember-action="" data-ember-action-271="271" type="button">7</button>
</li>
<li>
<span>...</span>
</li>
<li class="disabled">
<button aria-disabled="true" aria-label="Go to page 40" type="button">40</button>
</li>
<li>
<button aria-label="Go to next page" data-ember-action="" data-ember-action-272="272" type="button">
<svg aria-hidden="true" class="svg-inline--fa fa-angle-right fa-w-8 fa-fw fa-sm" data-icon="angle-right" data-prefix="fas" focusable="false" role="img" viewbox="0 0 256 512" xmlns="http://www.w3.org/2000/svg">
<path d="M64 448c-8.188 0-16.38-3.125-22.62-9.375c-12.5-12.5-12.5-32.75 0-45.25L178.8 256L41.38 118.6c-12.5-12.5-12.5-32.75 0-45.25s32.75-12.5 45.25 0l160 160c12.5 12.5 12.5 32.75 0 45.25l-160 160C80.38 444.9 72.19 448 64 448z" fill="currentColor"></path>
</svg>
<span class="sr-only js-next">Next</span>
</button>
</li>
</ul>
</nav>
</div>
<div class="col-md-4 col-md-pull-8 ember-view" id="ember273"> <p class="mt-1">Displaying 1 - 25 of 2,269,919 results</p>
</div>
</div>
</div>
06-02 17:37:28 root         INFO     Attatchment docs found
06-02 17:37:28 root         INFO     25
