05-31 18:57:52 root         INFO     Filter ID: 26376
05-31 18:57:52 root         INFO     GPT Processing: Disabled
05-31 18:58:00 root         INFO     Successfully clicked cookie consent button
05-31 18:58:05 root         INFO     HTML GATHERED
05-31 18:58:05 root         INFO     LINK GATHERED
05-31 18:58:05 root         INFO     /toc/aera/62/3
05-31 18:58:21 root         INFO     No cookie consent button found or needed
05-31 18:58:26 root         INFO     
American Educational Research Journal - Volume 62, Number 3



















































































05-31 18:58:26 root         INFO     GPT disabled not processing data
05-31 18:58:26 root         INFO     LINK GATHERED
05-31 18:58:26 root         INFO     /toc/aera/62/2
05-31 18:58:42 root         INFO     No cookie consent button found or needed
05-31 18:58:47 root         INFO     
American Educational Research Journal - Volume 62, Number 2



















































































05-31 18:58:47 root         INFO     GPT disabled not processing data
05-31 18:58:47 root         INFO     LINK GATHERED
05-31 18:58:47 root         INFO     /toc/aera/62/1
05-31 18:59:02 root         INFO     No cookie consent button found or needed
05-31 18:59:07 root         INFO     
American Educational Research Journal - Volume 62, Number 1



















































































05-31 18:59:07 root         INFO     GPT disabled not processing data
